<?xml version="1.0" encoding="UTF-8"?>
<!-- Generated by org.testng.reporters.JUnitXMLReporter -->
<testsuite ignored="0" hostname="LAPTOP-NNS49CG9" failures="0" tests="7" name="Test Single Entry Tasks Chrome" time="38.746" errors="0" timestamp="2021-07-10T11:40:16 CEST">
  <testcase classname="todo.TodoTasks" name="createTask" time="0.673"/>
  <testcase classname="todo.TodoTasks" name="editTask" time="6.269"/>
  <testcase classname="todo.TodoTasks" name="uncheckTask" time="2.136"/>
  <testcase classname="todo.TodoTasks" name="checkTask" time="0.11"/>
  <testcase classname="todo.TodoTasks" name="removeTask" time="10.207"/>
  <testcase classname="todo.TodoTasks" name="createMultipleTask" time="6.207"/>
  <testcase classname="todo.TodoTasks" name="deleteLastTask" time="6.134"/>
</testsuite> <!-- Test Single Entry Tasks Chrome -->
