<?xml version="1.0" encoding="UTF-8"?>
<!-- Generated by org.testng.reporters.JUnitXMLReporter -->
<testsuite ignored="0" hostname="LAPTOP-NNS49CG9" failures="0" tests="7" name="Test Single Entry Tasks Chrome" time="35.873" errors="0" timestamp="2021-07-10T19:32:34 CEST">
  <testcase classname="todo.TodoTasks" name="createTask" time="0.713"/>
  <testcase classname="todo.TodoTasks" name="editTask" time="6.276"/>
  <testcase classname="todo.TodoTasks" name="uncheckTask" time="2.123"/>
  <testcase classname="todo.TodoTasks" name="checkTask" time="0.106"/>
  <testcase classname="todo.TodoTasks" name="removeTask" time="12.222"/>
  <testcase classname="todo.TodoTasks" name="createMultipleTask" time="6.211"/>
  <testcase classname="todo.TodoTasks" name="deleteLastTask" time="6.12"/>
</testsuite> <!-- Test Single Entry Tasks Chrome -->
