<?xml version="1.0" encoding="UTF-8"?>
<testng-results ignored="0" total="14" passed="14" failed="0" skipped="0">
  <reporter-output>
  </reporter-output>
  <suite started-at="2021-07-10T19:31:58 CEST" name="Hands-on" finished-at="2021-07-10T19:33:12 CEST" duration-ms="74417">
    <groups>
      <group name="multiple">
        <method signature="TodoTasks.createMultipleTask(java.lang.String,java.lang.String)[pri:5, instance:todo.TodoTasks@2fb3536e]" name="createMultipleTask" class="todo.TodoTasks"/>
        <method signature="TodoTasks.deleteLastTask()[pri:6, instance:todo.TodoTasks@2fb3536e]" name="deleteLastTask" class="todo.TodoTasks"/>
        <method signature="TodoTasks.createMultipleTask(java.lang.String,java.lang.String)[pri:5, instance:todo.TodoTasks@4dbb42b7]" name="createMultipleTask" class="todo.TodoTasks"/>
        <method signature="TodoTasks.deleteLastTask()[pri:6, instance:todo.TodoTasks@4dbb42b7]" name="deleteLastTask" class="todo.TodoTasks"/>
      </group> <!-- multiple -->
    </groups>
    <test started-at="2021-07-10T19:31:58 CEST" name="Test Single Entry Tasks Chrome" finished-at="2021-07-10T19:32:34 CEST" duration-ms="35873">
      <class name="todo.TodoTasks">
        <test-method is-config="true" signature="loadProperties()[pri:0, instance:todo.TodoTasks@2fb3536e]" started-at="2021-07-10T19:31:58 CEST" name="loadProperties" finished-at="2021-07-10T19:31:58 CEST" duration-ms="10" status="PASS">
          <reporter-output>
          </reporter-output>
        </test-method> <!-- loadProperties -->
        <test-method is-config="true" signature="setUp(java.lang.String)[pri:0, instance:todo.TodoTasks@2fb3536e]" started-at="2021-07-10T19:31:58 CEST" name="setUp" finished-at="2021-07-10T19:31:59 CEST" duration-ms="1474" status="PASS">
          <params>
            <param index="0">
              <value>
                <![CDATA[Chrome]]>
              </value>
            </param>
          </params>
          <reporter-output>
          </reporter-output>
        </test-method> <!-- setUp -->
        <test-method is-config="true" signature="openUrl()[pri:0, instance:todo.TodoTasks@2fb3536e]" started-at="2021-07-10T19:31:59 CEST" name="openUrl" finished-at="2021-07-10T19:32:00 CEST" depends-on-methods="todo.TodoTasks.setUp, todo.TodoTasks.loadProperties" duration-ms="428" status="PASS">
          <reporter-output>
          </reporter-output>
        </test-method> <!-- openUrl -->
        <test-method signature="createTask(java.lang.String,int)[pri:0, instance:todo.TodoTasks@2fb3536e]" started-at="2021-07-10T19:32:00 CEST" name="createTask" finished-at="2021-07-10T19:32:01 CEST" duration-ms="713" status="PASS">
          <params>
            <param index="0">
              <value>
                <![CDATA[Test1]]>
              </value>
            </param>
            <param index="1">
              <value>
                <![CDATA[1]]>
              </value>
            </param>
          </params>
          <reporter-output>
          </reporter-output>
        </test-method> <!-- createTask -->
        <test-method signature="editTask(java.lang.String)[pri:1, instance:todo.TodoTasks@2fb3536e]" started-at="2021-07-10T19:32:01 CEST" name="editTask" finished-at="2021-07-10T19:32:07 CEST" duration-ms="6276" status="PASS">
          <params>
            <param index="0">
              <value>
                <![CDATA[Test1]]>
              </value>
            </param>
          </params>
          <reporter-output>
          </reporter-output>
        </test-method> <!-- editTask -->
        <test-method signature="uncheckTask(java.lang.String)[pri:2, instance:todo.TodoTasks@2fb3536e]" started-at="2021-07-10T19:32:07 CEST" name="uncheckTask" finished-at="2021-07-10T19:32:09 CEST" duration-ms="2123" status="PASS">
          <params>
            <param index="0">
              <value>
                <![CDATA[Test1]]>
              </value>
            </param>
          </params>
          <reporter-output>
          </reporter-output>
        </test-method> <!-- uncheckTask -->
        <test-method signature="checkTask(java.lang.String)[pri:3, instance:todo.TodoTasks@2fb3536e]" started-at="2021-07-10T19:32:09 CEST" name="checkTask" finished-at="2021-07-10T19:32:09 CEST" duration-ms="106" status="PASS">
          <params>
            <param index="0">
              <value>
                <![CDATA[Test1]]>
              </value>
            </param>
          </params>
          <reporter-output>
          </reporter-output>
        </test-method> <!-- checkTask -->
        <test-method signature="removeTask(java.lang.String)[pri:4, instance:todo.TodoTasks@2fb3536e]" started-at="2021-07-10T19:32:09 CEST" name="removeTask" finished-at="2021-07-10T19:32:21 CEST" duration-ms="12222" status="PASS">
          <params>
            <param index="0">
              <value>
                <![CDATA[Test1]]>
              </value>
            </param>
          </params>
          <reporter-output>
          </reporter-output>
        </test-method> <!-- removeTask -->
        <test-method signature="createMultipleTask(java.lang.String,java.lang.String)[pri:5, instance:todo.TodoTasks@2fb3536e]" started-at="2021-07-10T19:32:21 CEST" name="createMultipleTask" finished-at="2021-07-10T19:32:28 CEST" duration-ms="6211" status="PASS">
          <params>
            <param index="0">
              <value>
                <![CDATA[Test1]]>
              </value>
            </param>
            <param index="1">
              <value>
                <![CDATA[Test2]]>
              </value>
            </param>
          </params>
          <reporter-output>
          </reporter-output>
        </test-method> <!-- createMultipleTask -->
        <test-method signature="deleteLastTask()[pri:6, instance:todo.TodoTasks@2fb3536e]" started-at="2021-07-10T19:32:28 CEST" name="deleteLastTask" finished-at="2021-07-10T19:32:34 CEST" duration-ms="6120" status="PASS">
          <reporter-output>
          </reporter-output>
        </test-method> <!-- deleteLastTask -->
        <test-method is-config="true" signature="tearDown()[pri:0, instance:todo.TodoTasks@2fb3536e]" started-at="2021-07-10T19:32:34 CEST" name="tearDown" finished-at="2021-07-10T19:32:34 CEST" duration-ms="155" status="PASS">
          <reporter-output>
          </reporter-output>
        </test-method> <!-- tearDown -->
      </class> <!-- todo.TodoTasks -->
    </test> <!-- Test Single Entry Tasks Chrome -->
    <test started-at="2021-07-10T19:32:34 CEST" name="Test Single Entry Tasks Firefox" finished-at="2021-07-10T19:33:12 CEST" duration-ms="38537">
      <class name="todo.TodoTasks">
        <test-method is-config="true" signature="setUp(java.lang.String)[pri:0, instance:todo.TodoTasks@4dbb42b7]" started-at="2021-07-10T19:32:34 CEST" name="setUp" finished-at="2021-07-10T19:32:37 CEST" duration-ms="2816" status="PASS">
          <params>
            <param index="0">
              <value>
                <![CDATA[Firefox]]>
              </value>
            </param>
          </params>
          <reporter-output>
          </reporter-output>
        </test-method> <!-- setUp -->
        <test-method is-config="true" signature="loadProperties()[pri:0, instance:todo.TodoTasks@4dbb42b7]" started-at="2021-07-10T19:32:34 CEST" name="loadProperties" finished-at="2021-07-10T19:32:34 CEST" duration-ms="0" status="PASS">
          <reporter-output>
          </reporter-output>
        </test-method> <!-- loadProperties -->
        <test-method is-config="true" signature="openUrl()[pri:0, instance:todo.TodoTasks@4dbb42b7]" started-at="2021-07-10T19:32:37 CEST" name="openUrl" finished-at="2021-07-10T19:32:37 CEST" depends-on-methods="todo.TodoTasks.setUp, todo.TodoTasks.loadProperties" duration-ms="275" status="PASS">
          <reporter-output>
          </reporter-output>
        </test-method> <!-- openUrl -->
        <test-method signature="createTask(java.lang.String,int)[pri:0, instance:todo.TodoTasks@4dbb42b7]" started-at="2021-07-10T19:32:37 CEST" name="createTask" finished-at="2021-07-10T19:32:38 CEST" duration-ms="602" status="PASS">
          <params>
            <param index="0">
              <value>
                <![CDATA[Test1]]>
              </value>
            </param>
            <param index="1">
              <value>
                <![CDATA[1]]>
              </value>
            </param>
          </params>
          <reporter-output>
          </reporter-output>
        </test-method> <!-- createTask -->
        <test-method signature="editTask(java.lang.String)[pri:1, instance:todo.TodoTasks@4dbb42b7]" started-at="2021-07-10T19:32:38 CEST" name="editTask" finished-at="2021-07-10T19:32:44 CEST" duration-ms="6202" status="PASS">
          <params>
            <param index="0">
              <value>
                <![CDATA[Test1]]>
              </value>
            </param>
          </params>
          <reporter-output>
          </reporter-output>
        </test-method> <!-- editTask -->
        <test-method signature="uncheckTask(java.lang.String)[pri:2, instance:todo.TodoTasks@4dbb42b7]" started-at="2021-07-10T19:32:44 CEST" name="uncheckTask" finished-at="2021-07-10T19:32:46 CEST" duration-ms="2470" status="PASS">
          <params>
            <param index="0">
              <value>
                <![CDATA[Test1]]>
              </value>
            </param>
          </params>
          <reporter-output>
          </reporter-output>
        </test-method> <!-- uncheckTask -->
        <test-method signature="checkTask(java.lang.String)[pri:3, instance:todo.TodoTasks@4dbb42b7]" started-at="2021-07-10T19:32:46 CEST" name="checkTask" finished-at="2021-07-10T19:32:47 CEST" duration-ms="464" status="PASS">
          <params>
            <param index="0">
              <value>
                <![CDATA[Test1]]>
              </value>
            </param>
          </params>
          <reporter-output>
          </reporter-output>
        </test-method> <!-- checkTask -->
        <test-method signature="removeTask(java.lang.String)[pri:4, instance:todo.TodoTasks@4dbb42b7]" started-at="2021-07-10T19:32:47 CEST" name="removeTask" finished-at="2021-07-10T19:32:59 CEST" duration-ms="12515" status="PASS">
          <params>
            <param index="0">
              <value>
                <![CDATA[Test1]]>
              </value>
            </param>
          </params>
          <reporter-output>
          </reporter-output>
        </test-method> <!-- removeTask -->
        <test-method signature="createMultipleTask(java.lang.String,java.lang.String)[pri:5, instance:todo.TodoTasks@4dbb42b7]" started-at="2021-07-10T19:32:59 CEST" name="createMultipleTask" finished-at="2021-07-10T19:33:05 CEST" duration-ms="6129" status="PASS">
          <params>
            <param index="0">
              <value>
                <![CDATA[Test1]]>
              </value>
            </param>
            <param index="1">
              <value>
                <![CDATA[Test2]]>
              </value>
            </param>
          </params>
          <reporter-output>
          </reporter-output>
        </test-method> <!-- createMultipleTask -->
        <test-method signature="deleteLastTask()[pri:6, instance:todo.TodoTasks@4dbb42b7]" started-at="2021-07-10T19:33:05 CEST" name="deleteLastTask" finished-at="2021-07-10T19:33:12 CEST" duration-ms="6461" status="PASS">
          <reporter-output>
          </reporter-output>
        </test-method> <!-- deleteLastTask -->
        <test-method is-config="true" signature="tearDown()[pri:0, instance:todo.TodoTasks@4dbb42b7]" started-at="2021-07-10T19:33:12 CEST" name="tearDown" finished-at="2021-07-10T19:33:12 CEST" duration-ms="589" status="FAIL">
          <exception class="org.openqa.selenium.NoSuchSessionException">
            <message>
              <![CDATA[Tried to run command without establishing a connection
Build info: version: '3.141.59', revision: 'e82be7d358', time: '2018-11-14T08:17:03'
System info: host: 'LAPTOP-NNS49CG9', ip: '192.168.2.3', os.name: 'Windows 10', os.arch: 'amd64', os.version: '10.0', java.version: '16.0.1'
Driver info: org.openqa.selenium.firefox.FirefoxDriver
Capabilities {acceptInsecureCerts: true, browserName: firefox, browserVersion: 89.0.2, javascriptEnabled: true, moz:accessibilityChecks: false, moz:buildID: 20210622155641, moz:geckodriverVersion: 0.29.0, moz:headless: false, moz:processID: 11636, moz:profile: C:\Users\Abhinandan\AppData..., moz:shutdownTimeout: 60000, moz:useNonSpecCompliantPointerOrigin: false, moz:webdriverClick: true, pageLoadStrategy: normal, platform: WINDOWS, platformName: WINDOWS, platformVersion: 10.0, setWindowRect: true, strictFileInteractability: false, timeouts: {implicit: 0, pageLoad: 300000, script: 30000}, unhandledPromptBehavior: dismiss and notify}
Session ID: 96d7fc78-293b-4c5a-ad12-b79eb825a877]]>
            </message>
            <full-stacktrace>
              <![CDATA[org.openqa.selenium.NoSuchSessionException: Tried to run command without establishing a connection
Build info: version: '3.141.59', revision: 'e82be7d358', time: '2018-11-14T08:17:03'
System info: host: 'LAPTOP-NNS49CG9', ip: '192.168.2.3', os.name: 'Windows 10', os.arch: 'amd64', os.version: '10.0', java.version: '16.0.1'
Driver info: org.openqa.selenium.firefox.FirefoxDriver
Capabilities {acceptInsecureCerts: true, browserName: firefox, browserVersion: 89.0.2, javascriptEnabled: true, moz:accessibilityChecks: false, moz:buildID: 20210622155641, moz:geckodriverVersion: 0.29.0, moz:headless: false, moz:processID: 11636, moz:profile: C:\Users\Abhinandan\AppData..., moz:shutdownTimeout: 60000, moz:useNonSpecCompliantPointerOrigin: false, moz:webdriverClick: true, pageLoadStrategy: normal, platform: WINDOWS, platformName: WINDOWS, platformVersion: 10.0, setWindowRect: true, strictFileInteractability: false, timeouts: {implicit: 0, pageLoad: 300000, script: 30000}, unhandledPromptBehavior: dismiss and notify}
Session ID: 96d7fc78-293b-4c5a-ad12-b79eb825a877
at java.base/jdk.internal.reflect.NativeConstructorAccessorImpl.newInstance0(Native Method)
at java.base/jdk.internal.reflect.NativeConstructorAccessorImpl.newInstance(NativeConstructorAccessorImpl.java:78)
at java.base/jdk.internal.reflect.DelegatingConstructorAccessorImpl.newInstance(DelegatingConstructorAccessorImpl.java:45)
at java.base/java.lang.reflect.Constructor.newInstanceWithCaller(Constructor.java:499)
at java.base/java.lang.reflect.Constructor.newInstance(Constructor.java:480)
at org.openqa.selenium.remote.http.W3CHttpResponseCodec.createException(W3CHttpResponseCodec.java:187)
at org.openqa.selenium.remote.http.W3CHttpResponseCodec.decode(W3CHttpResponseCodec.java:122)
at org.openqa.selenium.remote.http.W3CHttpResponseCodec.decode(W3CHttpResponseCodec.java:49)
at org.openqa.selenium.remote.HttpCommandExecutor.execute(HttpCommandExecutor.java:158)
at org.openqa.selenium.remote.service.DriverCommandExecutor.execute(DriverCommandExecutor.java:83)
at org.openqa.selenium.remote.RemoteWebDriver.execute(RemoteWebDriver.java:552)
at org.openqa.selenium.remote.RemoteWebDriver.execute(RemoteWebDriver.java:609)
at org.openqa.selenium.remote.RemoteWebDriver.quit(RemoteWebDriver.java:452)
at todo.TodoTasks.tearDown(TodoTasks.java:238)
at java.base/jdk.internal.reflect.NativeMethodAccessorImpl.invoke0(Native Method)
at java.base/jdk.internal.reflect.NativeMethodAccessorImpl.invoke(NativeMethodAccessorImpl.java:78)
at java.base/jdk.internal.reflect.DelegatingMethodAccessorImpl.invoke(DelegatingMethodAccessorImpl.java:43)
at java.base/java.lang.reflect.Method.invoke(Method.java:567)
at org.testng.internal.MethodInvocationHelper.invokeMethod(MethodInvocationHelper.java:133)
at org.testng.internal.MethodInvocationHelper.invokeMethodConsideringTimeout(MethodInvocationHelper.java:62)
at org.testng.internal.ConfigInvoker.invokeConfigurationMethod(ConfigInvoker.java:385)
at org.testng.internal.ConfigInvoker.invokeConfigurations(ConfigInvoker.java:321)
at org.testng.TestRunner.invokeTestConfigurations(TestRunner.java:637)
at org.testng.TestRunner.afterRun(TestRunner.java:877)
at org.testng.TestRunner.run(TestRunner.java:599)
at org.testng.SuiteRunner.runTest(SuiteRunner.java:377)
at org.testng.SuiteRunner.runSequentially(SuiteRunner.java:371)
at org.testng.SuiteRunner.privateRun(SuiteRunner.java:332)
at org.testng.SuiteRunner.run(SuiteRunner.java:276)
at org.testng.SuiteRunnerWorker.runSuite(SuiteRunnerWorker.java:53)
at org.testng.SuiteRunnerWorker.run(SuiteRunnerWorker.java:96)
at org.testng.TestNG.runSuitesSequentially(TestNG.java:1212)
at org.testng.TestNG.runSuitesLocally(TestNG.java:1134)
at org.testng.TestNG.runSuites(TestNG.java:1063)
at org.testng.TestNG.run(TestNG.java:1031)
at org.testng.remote.AbstractRemoteTestNG.run(AbstractRemoteTestNG.java:115)
at org.testng.remote.RemoteTestNG.initAndRun(RemoteTestNG.java:251)
at org.testng.remote.RemoteTestNG.main(RemoteTestNG.java:77)
]]>
            </full-stacktrace>
          </exception> <!-- org.openqa.selenium.NoSuchSessionException -->
          <reporter-output>
          </reporter-output>
        </test-method> <!-- tearDown -->
      </class> <!-- todo.TodoTasks -->
    </test> <!-- Test Single Entry Tasks Firefox -->
  </suite> <!-- Hands-on -->
</testng-results>
